2025-06-24 08:00:01,123 - HealthMonitor - INFO - Health Monitor Service Starting - Rescue.net AI v2.0
2025-06-24 08:00:01,234 - HealthMonitor - INFO - Initializing AI models...
2025-06-24 08:00:02,456 - HealthMonitor - INFO - Pre-trained models loaded successfully
2025-06-24 08:00:02,567 - HealthMonitor - INFO - Health Monitor ready for patient monitoring
2025-06-24 08:00:02,678 - HealthMonitor - INFO - Connected devices: 0 | Monitoring status: Active

2025-06-24 08:15:23,789 - HealthMonitor - INFO - New device registered: ESP32_DEV_001 | Patient: Rajesh Kumar
2025-06-24 08:15:24,012 - HealthMonitor - INFO - Device ESP32_DEV_001: Baseline health parameters established
2025-06-24 08:15:24,123 - HealthMonitor - DEBUG - Device ESP32_DEV_001: Normal health status
2025-06-24 08:15:24,234 - HealthMonitor - INFO - Patient vitals: HR=72bpm, Temp=36.8°C, BP=120/80mmHg, SpO2=98%

2025-06-24 08:30:45,345 - HealthMonitor - INFO - New device registered: ESP32_DEV_002 | Patient: Priya Sharma
2025-06-24 08:30:45,456 - HealthMonitor - DEBUG - Device ESP32_DEV_002: Normal health status
2025-06-24 08:30:45,567 - HealthMonitor - INFO - Patient vitals: HR=68bpm, Temp=36.5°C, BP=115/75mmHg, SpO2=99%

2025-06-24 08:45:12,678 - HealthMonitor - INFO - New device registered: ESP32_DEV_003 | Patient: Ramesh Patel
2025-06-24 08:45:12,789 - HealthMonitor - DEBUG - Device ESP32_DEV_003: Normal health status
2025-06-24 08:45:12,890 - HealthMonitor - INFO - Patient vitals: HR=75bpm, Temp=37.0°C, BP=125/82mmHg, SpO2=97%

2025-06-24 09:00:00,001 - HealthMonitor - INFO - Hourly system check: 3 devices active, AI models operational
2025-06-24 09:00:00,112 - HealthMonitor - INFO - Data processing: 180 health readings analyzed in last hour

2025-06-24 09:12:34,223 - HealthMonitor - WARNING - Device ESP32_DEV_001: Elevated heart rate detected - 102bpm (Normal: 60-100bpm)
2025-06-24 09:12:34,334 - HealthMonitor - INFO - Device ESP32_DEV_001: Running enhanced monitoring for 10 minutes
2025-06-24 09:12:34,445 - HealthMonitor - INFO - Risk analysis: Low risk - Patient may be exercising

2025-06-24 09:18:56,556 - HealthMonitor - INFO - Device ESP32_DEV_001: Heart rate normalized - 78bpm
2025-06-24 09:18:56,667 - HealthMonitor - DEBUG - Device ESP32_DEV_001: Returning to normal monitoring interval

2025-06-24 09:25:43,778 - HealthMonitor - WARNING - Device ESP32_DEV_002: Temperature spike detected - 38.2°C (Normal: 36.1-37.2°C)
2025-06-24 09:25:43,889 - HealthMonitor - INFO - Device ESP32_DEV_002: AI model suggests fever onset - monitoring increased
2025-06-24 09:25:43,990 - HealthMonitor - INFO - Notification sent to family member: +91-9876543210

2025-06-24 09:35:21,101 - HealthMonitor - CRITICAL - Device ESP32_DEV_003: FALL DETECTED! Accelerometer threshold exceeded
2025-06-24 09:35:21,212 - HealthMonitor - CRITICAL - Emergency protocol activated for device ESP32_DEV_003
2025-06-24 09:35:21,323 - HealthMonitor - INFO - GPS location: 21.2514°N, 81.6296°E (Raipur, Chhattisgarh)
2025-06-24 09:35:21,434 - HealthMonitor - INFO - Emergency SMS sent to: +91-9123456789, +91-8765432109
2025-06-24 09:35:21,545 - HealthMonitor - INFO - Telegram alert sent to registered emergency contacts
2025-06-24 09:35:21,656 - HealthMonitor - INFO - Hospital notification sent: AIIMS Raipur Emergency Dept.

2025-06-24 09:37:45,767 - HealthMonitor - INFO - Device ESP32_DEV_003: Patient responded to emergency alert - False alarm acknowledged
2025-06-24 09:37:45,878 - HealthMonitor - INFO - Emergency protocol deactivated - Patient confirmed safe

2025-06-24 09:45:12,989 - HealthMonitor - WARNING - Device ESP32_DEV_002: Temperature still elevated - 38.5°C
2025-06-24 09:45:13,090 - HealthMonitor - WARNING - AI analysis: Fever pattern suggests viral infection - recommend medical consultation
2025-06-24 09:45:13,191 - HealthMonitor - INFO - Symptom tracking activated for device ESP32_DEV_002

2025-06-24 10:00:00,292 - HealthMonitor - INFO - System health check: All AI models responding normally
2025-06-24 10:00:00,393 - HealthMonitor - INFO - Model performance: Anomaly detection 98.5% | Emergency classification 99.2%
2025-06-24 10:00:00,494 - HealthMonitor - INFO - Data sync: 245 records uploaded to cloud database

2025-06-24 10:15:34,595 - HealthMonitor - INFO - New device registered: ESP32_DEV_004 | Patient: Anjali Singh
2025-06-24 10:15:34,696 - HealthMonitor - DEBUG - Device ESP32_DEV_004: Baseline vitals - HR=65bpm, Temp=36.6°C, SpO2=98%

2025-06-24 10:22:18,797 - HealthMonitor - WARNING - Device ESP32_DEV_001: Irregular heart rhythm detected
2025-06-24 10:22:18,898 - HealthMonitor - INFO - Cardiovascular AI model triggered - analyzing ECG pattern
2025-06-24 10:22:18,999 - HealthMonitor - WARNING - Potential arrhythmia detected - recommend immediate medical attention
2025-06-24 10:22:19,100 - HealthMonitor - INFO - Emergency alert sent to cardiologist on duty

2025-06-24 10:28:45,201 - HealthMonitor - INFO - Device ESP32_DEV_001: Medical professional contacted patient - seeking immediate care
2025-06-24 10:28:45,302 - HealthMonitor - INFO - Device ESP32_DEV_001: Patient en route to hospital

2025-06-24 10:35:22,403 - HealthMonitor - INFO - Device ESP32_DEV_002: Temperature decreasing - 37.8°C
2025-06-24 10:35:22,504 - HealthMonitor - INFO - Fever management protocol showing positive response

2025-06-24 10:42:10,605 - HealthMonitor - WARNING - Device ESP32_DEV_004: Low oxygen saturation - 89% (Normal: >95%)
2025-06-24 10:42:10,706 - HealthMonitor - WARNING - Respiratory distress possible - monitoring enhanced
2025-06-24 10:42:10,807 - HealthMonitor - INFO - Breathing pattern analysis activated

2025-06-24 10:48:33,908 - HealthMonitor - CRITICAL - Device ESP32_DEV_004: Oxygen saturation critically low - 85%
2025-06-24 10:48:34,009 - HealthMonitor - CRITICAL - Respiratory emergency detected - immediate intervention required
2025-06-24 10:48:34,110 - HealthMonitor - INFO - Emergency services contacted: 108 (State Emergency Response)
2025-06-24 10:48:34,211 - HealthMonitor - INFO - Location: 26.8467°N, 80.9462°E (Lucknow, UP)

2025-06-24 10:52:45,312 - HealthMonitor - INFO - Device ESP32_DEV_004: Ambulance dispatched - ETA 8 minutes
2025-06-24 10:52:45,413 - HealthMonitor - INFO - Family members notified and en route to hospital

2025-06-24 11:00:00,514 - HealthMonitor - INFO - Hourly analytics: 4 active devices | 2 emergency events | 367 health readings processed
2025-06-24 11:00:00,615 - HealthMonitor - INFO - AI model accuracy: Early warning detection 96.8% effective
2025-06-24 11:00:00,716 - HealthMonitor - INFO - Regional health trends: Fever outbreak detected in Central India region

2025-06-24 11:05:28,817 - HealthMonitor - INFO - Device ESP32_DEV_004: Patient reached hospital - vital signs stabilizing
2025-06-24 11:05:28,918 - HealthMonitor - INFO - Hospital integration: Patient data transferred to medical team

2025-06-24 11:12:15,019 - HealthMonitor - INFO - New device registered: ESP32_DEV_005 | Patient: Suresh Gupta
2025-06-24 11:12:15,120 - HealthMonitor - DEBUG - Device ESP32_DEV_005: Elderly patient profile activated
2025-06-24 11:12:15,221 - HealthMonitor - INFO - Enhanced monitoring enabled: Fall risk assessment active

2025-06-24 11:18:42,322 - HealthMonitor - WARNING - Device ESP32_DEV_005: Low activity level detected
2025-06-24 11:18:42,423 - HealthMonitor - INFO - Sedentary behavior analysis: Recommending movement alert

2025-06-24 11:25:38,524 - HealthMonitor - INFO - Device ESP32_DEV_002: Temperature normalized - 36.9°C
2025-06-24 11:25:38,625 - HealthMonitor - INFO - Fever episode resolved - returning to normal monitoring

2025-06-24 11:30:55,726 - HealthMonitor - WARNING - System alert: High emergency frequency in last 2 hours
2025-06-24 11:30:55,827 - HealthMonitor - INFO - Triggering AI model retraining with recent emergency patterns
2025-06-24 11:30:55,928 - HealthMonitor - INFO - Model update scheduled for 02:00 AM to minimize service disruption

2025-06-24 11:35:12,029 - HealthMonitor - INFO - Device ESP32_DEV_003: Battery level low - 15% remaining
2025-06-24 11:35:12,130 - HealthMonitor - INFO - Battery swap reminder sent to patient
2025-06-24 11:35:12,231 - HealthMonitor - INFO - Activating power conservation mode

2025-06-24 11:42:33,332 - HealthMonitor - INFO - Device ESP32_DEV_001: Hospital discharge notification received
2025-06-24 11:42:33,433 - HealthMonitor - INFO - Post-hospital monitoring protocol activated
2025-06-24 11:42:33,534 - HealthMonitor - INFO - Medication reminder system enabled

2025-06-24 11:48:17,635 - HealthMonitor - WARNING - Device ESP32_DEV_005: Irregular gait pattern detected
2025-06-24 11:48:17,736 - HealthMonitor - INFO - Fall risk assessment: Moderate risk - mobility issues detected
2025-06-24 11:48:17,837 - HealthMonitor - INFO - Caregiver notification sent: Increased supervision recommended

2025-06-24 11:55:45,938 - HealthMonitor - INFO - Machine learning update: Pattern recognition improved by 2.3%
2025-06-24 11:55:46,039 - HealthMonitor - INFO - Regional disease correlation analysis completed
2025-06-24 11:55:46,140 - HealthMonitor - INFO - Health trend report generated for public health authorities

2025-06-24 12:00:00,241 - HealthMonitor - INFO - Noon system status: 5 devices active | Normal operations
2025-06-24 12:00:00,342 - HealthMonitor - INFO - Data integrity check: 100% | Cloud sync: Complete
2025-06-24 12:00:00,443 - HealthMonitor - INFO - Emergency response time average: 45 seconds (Target: <60s)

2025-06-24 12:05:22,544 - HealthMonitor - INFO - Device ESP32_DEV_003: Battery replaced - 100% charge confirmed
2025-06-24 12:05:22,645 - HealthMonitor - INFO - Device ESP32_DEV_003: Returning to full monitoring mode

2025-06-24 12:12:18,746 - HealthMonitor - WARNING - Network connectivity issue: Temporary offline mode activated
2025-06-24 12:12:18,847 - HealthMonitor - INFO - Local data caching enabled - 0 data points lost
2025-06-24 12:12:18,948 - HealthMonitor - INFO - GSM backup communication active

2025-06-24 12:15:33,049 - HealthMonitor - INFO - Network connectivity restored - syncing cached data
2025-06-24 12:15:33,150 - HealthMonitor - INFO - Data sync complete: 47 readings uploaded to cloud

2025-06-24 12:20:45,251 - HealthMonitor - INFO - New device registered: ESP32_DEV_006 | Patient: Meera Devi
2025-06-24 12:20:45,352 - HealthMonitor - INFO - Diabetes monitoring profile activated
2025-06-24 12:20:45,453 - HealthMonitor - INFO - Blood glucose correlation tracking enabled

2025-06-24 12:28:12,554 - HealthMonitor - WARNING - Device ESP32_DEV_006: Stress indicators elevated
2025-06-24 12:28:12,655 - HealthMonitor - INFO - Heart rate variability analysis: High stress detected
2025-06-24 12:28:12,756 - HealthMonitor - INFO - Relaxation techniques recommended via mobile app

2025-06-24 12:35:38,857 - HealthMonitor - INFO - Device ESP32_DEV_004: Oxygen levels stable at hospital
2025-06-24 12:35:38,958 - HealthMonitor - INFO - Continuous monitoring maintained during treatment

2025-06-24 12:42:15,059 - HealthMonitor - INFO - Regional weather alert: Heat wave warning for Central India
2025-06-24 12:42:15,160 - HealthMonitor - INFO - Heat stress monitoring activated for all devices
2025-06-24 12:42:15,261 - HealthMonitor - INFO - Hydration reminders enabled for outdoor patients

2025-06-24 12:48:52,362 - HealthMonitor - WARNING - Device ESP32_DEV_002: Heat stress indicators detected
2025-06-24 12:48:52,463 - HealthMonitor - INFO - Outdoor activity detected during heat wave
2025-06-24 12:48:52,564 - HealthMonitor - INFO - Cool environment recommendation sent

2025-06-24 12:55:17,665 - HealthMonitor - INFO - AI model performance metrics updated
2025-06-24 12:55:17,766 - HealthMonitor - INFO - Prediction accuracy: Emergency events 99.1% | Health trends 97.8%
2025-06-24 12:55:17,867 - HealthMonitor - INFO - False positive rate reduced to 1.2% (Best performance achieved)

2025-06-24 13:00:00,968 - HealthMonitor - INFO - Afternoon status: 6 devices monitoring | System optimal
2025-06-24 13:00:01,069 - HealthMonitor - INFO - Total emergency interventions today: 3 | Lives potentially saved: 2
2025-06-24 13:00:01,170 - HealthMonitor - INFO - Rescue.net AI making healthcare accessible across rural India